<?xml version="1.0" encoding="UTF-8"?>
<testsuite xmlns:xsi="http://www.w3.org/2001/XMLSchema-instance" xsi:noNamespaceSchemaLocation="https://maven.apache.org/surefire/maven-surefire-plugin/xsd/surefire-test-report.xsd" name="com.nt.test.AppTest" time="0.012" tests="3" errors="0" skipped="0" failures="0">
  <properties>
[...]
</properties>
  <testcase name="com.nt.test.AppTest.testWithNegative" classname="com.nt.test.AppTest" time="0.002"/>
  <testcase name="com.nt.test.AppTest.testWithPositive" classname="com.nt.test.AppTest" time="0"/>
  <testcase name="com.nt.test.AppTest.testWithZero" classname="com.nt.test.AppTest" time="0"/>
</testsuite>